\BOOKMARK [0][-]{chapter.1}{\376\377\000C\000l\000a\000s\000s\000\040\000I\000n\000d\000e\000x}{}% 1
\BOOKMARK [1][-]{section.1.1}{\376\377\000C\000l\000a\000s\000s\000\040\000L\000i\000s\000t}{chapter.1}% 2
\BOOKMARK [0][-]{chapter.2}{\376\377\000F\000i\000l\000e\000\040\000I\000n\000d\000e\000x}{}% 3
\BOOKMARK [1][-]{section.2.1}{\376\377\000F\000i\000l\000e\000\040\000L\000i\000s\000t}{chapter.2}% 4
\BOOKMARK [0][-]{chapter.3}{\376\377\000C\000l\000a\000s\000s\000\040\000D\000o\000c\000u\000m\000e\000n\000t\000a\000t\000i\000o\000n}{}% 5
\BOOKMARK [1][-]{section.3.1}{\376\377\000l\000i\000b\000g\000d\000b\000c\000\137\000m\000e\000s\000s\000a\000g\000e\000\137\000s\000t\000a\000c\000k\000\137\000t\000\040\000S\000t\000r\000u\000c\000t\000\040\000R\000e\000f\000e\000r\000e\000n\000c\000e}{chapter.3}% 6
\BOOKMARK [2][-]{subsection.3.1.1}{\376\377\000D\000e\000t\000a\000i\000l\000e\000d\000\040\000D\000e\000s\000c\000r\000i\000p\000t\000i\000o\000n}{section.3.1}% 7
\BOOKMARK [2][-]{subsection.3.1.2}{\376\377\000M\000e\000m\000b\000e\000r\000\040\000D\000a\000t\000a\000\040\000D\000o\000c\000u\000m\000e\000n\000t\000a\000t\000i\000o\000n}{section.3.1}% 8
\BOOKMARK [3][-]{subsubsection.3.1.2.1}{\376\377\000m\000e\000s\000s\000a\000g\000e\000\137\000s\000t\000a\000c\000k}{subsection.3.1.2}% 9
\BOOKMARK [1][-]{section.3.2}{\376\377\000l\000i\000b\000g\000d\000b\000c\000\137\000m\000e\000s\000s\000a\000g\000e\000\137\000t\000\040\000S\000t\000r\000u\000c\000t\000\040\000R\000e\000f\000e\000r\000e\000n\000c\000e}{chapter.3}% 10
\BOOKMARK [2][-]{subsection.3.2.1}{\376\377\000D\000e\000t\000a\000i\000l\000e\000d\000\040\000D\000e\000s\000c\000r\000i\000p\000t\000i\000o\000n}{section.3.2}% 11
\BOOKMARK [2][-]{subsection.3.2.2}{\376\377\000M\000e\000m\000b\000e\000r\000\040\000D\000a\000t\000a\000\040\000D\000o\000c\000u\000m\000e\000n\000t\000a\000t\000i\000o\000n}{section.3.2}% 12
\BOOKMARK [3][-]{subsubsection.3.2.2.1}{\376\377\000c\000h\000k}{subsection.3.2.2}% 13
\BOOKMARK [3][-]{subsubsection.3.2.2.2}{\376\377\000m\000s\000g}{subsection.3.2.2}% 14
\BOOKMARK [1][-]{section.3.3}{\376\377\000l\000i\000b\000g\000d\000b\000c\000\137\000t\000\040\000S\000t\000r\000u\000c\000t\000\040\000R\000e\000f\000e\000r\000e\000n\000c\000e}{chapter.3}% 15
\BOOKMARK [2][-]{subsection.3.3.1}{\376\377\000D\000e\000t\000a\000i\000l\000e\000d\000\040\000D\000e\000s\000c\000r\000i\000p\000t\000i\000o\000n}{section.3.3}% 16
\BOOKMARK [1][-]{section.3.4}{\376\377\000l\000i\000b\000g\000d\000b\000c\000\137\000x\0008\0006\000\137\0006\0004\000\137\000t\000\040\000S\000t\000r\000u\000c\000t\000\040\000R\000e\000f\000e\000r\000e\000n\000c\000e}{chapter.3}% 17
\BOOKMARK [1][-]{section.3.5}{\376\377\000p\000a\000r\000s\000i\000n\000g\000\137\000o\000b\000j\000e\000c\000t\000\137\000t\000\040\000S\000t\000r\000u\000c\000t\000\040\000R\000e\000f\000e\000r\000e\000n\000c\000e}{chapter.3}% 18
\BOOKMARK [1][-]{section.3.6}{\376\377\000r\000e\000g\000i\000s\000t\000e\000r\000s\000\137\000t\000\040\000S\000t\000r\000u\000c\000t\000\040\000R\000e\000f\000e\000r\000e\000n\000c\000e}{chapter.3}% 19
\BOOKMARK [2][-]{subsection.3.6.1}{\376\377\000D\000e\000t\000a\000i\000l\000e\000d\000\040\000D\000e\000s\000c\000r\000i\000p\000t\000i\000o\000n}{section.3.6}% 20
\BOOKMARK [2][-]{subsection.3.6.2}{\376\377\000M\000e\000m\000b\000e\000r\000\040\000D\000a\000t\000a\000\040\000D\000o\000c\000u\000m\000e\000n\000t\000a\000t\000i\000o\000n}{section.3.6}% 21
\BOOKMARK [3][-]{subsubsection.3.6.2.1}{\376\377\000o\000f\000f\000s\000e\000t}{subsection.3.6.2}% 22
\BOOKMARK [3][-]{subsubsection.3.6.2.2}{\376\377\000s\000i\000z\000e}{subsection.3.6.2}% 23
\BOOKMARK [3][-]{subsubsection.3.6.2.3}{\376\377\000v\000a\000l\000u\000e}{subsection.3.6.2}% 24
\BOOKMARK [0][-]{chapter.4}{\376\377\000F\000i\000l\000e\000\040\000D\000o\000c\000u\000m\000e\000n\000t\000a\000t\000i\000o\000n}{}% 25
\BOOKMARK [1][-]{section.4.1}{\376\377\000/\000h\000o\000m\000e\000/\000r\000e\000n\000e\000/\000l\000i\000b\000g\000d\000b\000c\000/\000i\000n\000c\000l\000u\000d\000e\000/\000a\000r\000c\000h\000.\000h\000\040\000F\000i\000l\000e\000\040\000R\000e\000f\000e\000r\000e\000n\000c\000e}{chapter.4}% 26
\BOOKMARK [2][-]{subsection.4.1.1}{\376\377\000T\000y\000p\000e\000d\000e\000f\000\040\000D\000o\000c\000u\000m\000e\000n\000t\000a\000t\000i\000o\000n}{section.4.1}% 27
\BOOKMARK [3][-]{subsubsection.4.1.1.1}{\376\377\000r\000e\000g\000i\000s\000t\000e\000r\000s\000\137\000t}{subsection.4.1.1}% 28
\BOOKMARK [1][-]{section.4.2}{\376\377\000/\000h\000o\000m\000e\000/\000r\000e\000n\000e\000/\000l\000i\000b\000g\000d\000b\000c\000/\000i\000n\000c\000l\000u\000d\000e\000/\000c\000o\000r\000e\000.\000h\000\040\000F\000i\000l\000e\000\040\000R\000e\000f\000e\000r\000e\000n\000c\000e}{chapter.4}% 29
\BOOKMARK [2][-]{subsection.4.2.1}{\376\377\000T\000y\000p\000e\000d\000e\000f\000\040\000D\000o\000c\000u\000m\000e\000n\000t\000a\000t\000i\000o\000n}{section.4.2}% 30
\BOOKMARK [3][-]{subsubsection.4.2.1.1}{\376\377\000l\000i\000b\000g\000d\000b\000c\000\137\000m\000e\000s\000s\000a\000g\000e\000\137\000s\000t\000a\000c\000k\000\137\000t}{subsection.4.2.1}% 31
\BOOKMARK [3][-]{subsubsection.4.2.1.2}{\376\377\000l\000i\000b\000g\000d\000b\000c\000\137\000m\000e\000s\000s\000a\000g\000e\000\137\000t}{subsection.4.2.1}% 32
\BOOKMARK [3][-]{subsubsection.4.2.1.3}{\376\377\000l\000i\000b\000g\000d\000b\000c\000\137\000t}{subsection.4.2.1}% 33
\BOOKMARK [2][-]{subsection.4.2.2}{\376\377\000F\000u\000n\000c\000t\000i\000o\000n\000\040\000D\000o\000c\000u\000m\000e\000n\000t\000a\000t\000i\000o\000n}{section.4.2}% 34
\BOOKMARK [3][-]{subsubsection.4.2.2.1}{\376\377\000c\000o\000n\000n\000e\000c\000t\000\137\000i\000n\000s\000t\000a\000n\000c\000e}{subsection.4.2.2}% 35
\BOOKMARK [3][-]{subsubsection.4.2.2.2}{\376\377\000c\000o\000n\000t\000i\000n\000u\000e\000\137\000i\000n\000s\000t\000a\000n\000c\000e}{subsection.4.2.2}% 36
\BOOKMARK [3][-]{subsubsection.4.2.2.3}{\376\377\000c\000r\000e\000a\000t\000e\000\137\000i\000n\000s\000t\000a\000n\000c\000e}{subsection.4.2.2}% 37
\BOOKMARK [3][-]{subsubsection.4.2.2.4}{\376\377\000d\000e\000l\000e\000t\000e\000\137\000i\000n\000s\000t\000a\000n\000c\000e}{subsection.4.2.2}% 38
\BOOKMARK [3][-]{subsubsection.4.2.2.5}{\376\377\000d\000i\000s\000c\000o\000n\000n\000e\000c\000t\000\137\000i\000n\000s\000t\000a\000n\000c\000e}{subsection.4.2.2}% 39
\BOOKMARK [3][-]{subsubsection.4.2.2.6}{\376\377\000d\000u\000m\000p\000\137\000m\000e\000s\000s\000a\000g\000e\000\137\000s\000t\000a\000c\000k}{subsection.4.2.2}% 40
\BOOKMARK [3][-]{subsubsection.4.2.2.7}{\376\377\000m\000e\000m\000r\000e\000a\000d\000\137\000i\000n\000s\000t\000a\000n\000c\000e}{subsection.4.2.2}% 41
\BOOKMARK [3][-]{subsubsection.4.2.2.8}{\376\377\000r\000e\000a\000d\000\137\000p\000a\000c\000k\000e\000t}{subsection.4.2.2}% 42
\BOOKMARK [3][-]{subsubsection.4.2.2.9}{\376\377\000r\000e\000g\000r\000e\000a\000d\000\137\000i\000n\000s\000t\000a\000n\000c\000e}{subsection.4.2.2}% 43
\BOOKMARK [3][-]{subsubsection.4.2.2.10}{\376\377\000s\000e\000n\000d\000\137\000c\000o\000m\000m\000a\000n\000d}{subsection.4.2.2}% 44
\BOOKMARK [3][-]{subsubsection.4.2.2.11}{\376\377\000s\000e\000n\000d\000\137\000p\000a\000c\000k\000e\000t}{subsection.4.2.2}% 45
\BOOKMARK [1][-]{section.4.3}{\376\377\000/\000h\000o\000m\000e\000/\000r\000e\000n\000e\000/\000l\000i\000b\000g\000d\000b\000c\000/\000i\000n\000c\000l\000u\000d\000e\000/\000l\000i\000b\000g\000d\000b\000c\000.\000h\000\040\000F\000i\000l\000e\000\040\000R\000e\000f\000e\000r\000e\000n\000c\000e}{chapter.4}% 46
\BOOKMARK [2][-]{subsection.4.3.1}{\376\377\000F\000u\000n\000c\000t\000i\000o\000n\000\040\000D\000o\000c\000u\000m\000e\000n\000t\000a\000t\000i\000o\000n}{section.4.3}% 47
\BOOKMARK [3][-]{subsubsection.4.3.1.1}{\376\377\000l\000i\000b\000g\000d\000b\000c\000\137\000i\000n\000i\000t}{subsection.4.3.1}% 48
\BOOKMARK [1][-]{section.4.4}{\376\377\000/\000h\000o\000m\000e\000/\000r\000e\000n\000e\000/\000l\000i\000b\000g\000d\000b\000c\000/\000i\000n\000c\000l\000u\000d\000e\000/\000m\000e\000s\000s\000a\000g\000e\000s\000.\000h\000\040\000F\000i\000l\000e\000\040\000R\000e\000f\000e\000r\000e\000n\000c\000e}{chapter.4}% 49
\BOOKMARK [2][-]{subsection.4.4.1}{\376\377\000F\000u\000n\000c\000t\000i\000o\000n\000\040\000D\000o\000c\000u\000m\000e\000n\000t\000a\000t\000i\000o\000n}{section.4.4}% 50
\BOOKMARK [3][-]{subsubsection.4.4.1.1}{\376\377\000h\000a\000n\000d\000l\000e\000\137\000g}{subsection.4.4.1}% 51
\BOOKMARK [1][-]{section.4.5}{\376\377\000/\000h\000o\000m\000e\000/\000r\000e\000n\000e\000/\000l\000i\000b\000g\000d\000b\000c\000/\000i\000n\000c\000l\000u\000d\000e\000/\000p\000a\000c\000k\000e\000t\000.\000h\000\040\000F\000i\000l\000e\000\040\000R\000e\000f\000e\000r\000e\000n\000c\000e}{chapter.4}% 52
\BOOKMARK [1][-]{section.4.6}{\376\377\000/\000h\000o\000m\000e\000/\000r\000e\000n\000e\000/\000l\000i\000b\000g\000d\000b\000c\000/\000i\000n\000c\000l\000u\000d\000e\000/\000t\000a\000r\000g\000e\000t\000.\000h\000\040\000F\000i\000l\000e\000\040\000R\000e\000f\000e\000r\000e\000n\000c\000e}{chapter.4}% 53
\BOOKMARK [1][-]{section.4.7}{\376\377\000/\000h\000o\000m\000e\000/\000r\000e\000n\000e\000/\000l\000i\000b\000g\000d\000b\000c\000/\000i\000n\000c\000l\000u\000d\000e\000/\000u\000t\000i\000l\000s\000.\000h\000\040\000F\000i\000l\000e\000\040\000R\000e\000f\000e\000r\000e\000n\000c\000e}{chapter.4}% 54
\BOOKMARK [2][-]{subsection.4.7.1}{\376\377\000F\000u\000n\000c\000t\000i\000o\000n\000\040\000D\000o\000c\000u\000m\000e\000n\000t\000a\000t\000i\000o\000n}{section.4.7}% 55
\BOOKMARK [3][-]{subsubsection.4.7.1.1}{\376\377\000c\000m\000d\000\137\000c\000h\000e\000c\000k\000s\000u\000m}{subsection.4.7.1}% 56
\BOOKMARK [3][-]{subsubsection.4.7.1.2}{\376\377\000h\000e\000x\0002\000i\000n\000t}{subsection.4.7.1}% 57
\BOOKMARK [3][-]{subsubsection.4.7.1.3}{\376\377\000u\000n\000p\000a\000c\000k\000\137\000u\000i\000n\000t\0006\0004}{subsection.4.7.1}% 58
\BOOKMARK [3][-]{subsubsection.4.7.1.4}{\376\377\000u\000n\000p\000a\000c\000k\000\137\000u\000i\000n\000t\0006\0004\000\137\000c\000o}{subsection.4.7.1}% 59
\BOOKMARK [-1][-]{subsubsection.4.7.1.4}{\376\377\000I\000n\000d\000e\000x}{}% 60
